Determining if the pthread_create exist failed with the following output:
Change Dir: /home/csmajs/tyoo002/lab-04-composite-pattern-actylab4/CMakeFiles/CMakeTmp

Run Build Command(s):/opt/rh/devtoolset-6/root/usr/bin/gmake cmTC_1cd4f/fast 
/opt/rh/devtoolset-6/root/usr/bin/gmake -f CMakeFiles/cmTC_1cd4f.dir/build.make CMakeFiles/cmTC_1cd4f.dir/build
gmake[1]: Entering directory '/home/csmajs/tyoo002/lab-04-composite-pattern-actylab4/CMakeFiles/CMakeTmp'
Building C object CMakeFiles/cmTC_1cd4f.dir/CheckSymbolExists.c.o
/opt/rh/devtoolset-6/root/usr/bin/cc    -o CMakeFiles/cmTC_1cd4f.dir/CheckSymbolExists.c.o   -c /home/csmajs/tyoo002/lab-04-composite-pattern-actylab4/CMakeFiles/CMakeTmp/CheckSymbolExists.c
Linking C executable cmTC_1cd4f
/usr/bin/cmake3 -E cmake_link_script CMakeFiles/cmTC_1cd4f.dir/link.txt --verbose=1
/opt/rh/devtoolset-6/root/usr/bin/cc      -rdynamic CMakeFiles/cmTC_1cd4f.dir/CheckSymbolExists.c.o  -o cmTC_1cd4f 
CMakeFiles/cmTC_1cd4f.dir/CheckSymbolExists.c.o: In function `main':
CheckSymbolExists.c:(.text+0x16): undefined reference to `pthread_create'
collect2: error: ld returned 1 exit status
CMakeFiles/cmTC_1cd4f.dir/build.make:86: recipe for target 'cmTC_1cd4f' failed
gmake[1]: *** [cmTC_1cd4f] Error 1
gmake[1]: Leaving directory '/home/csmajs/tyoo002/lab-04-composite-pattern-actylab4/CMakeFiles/CMakeTmp'
Makefile:121: recipe for target 'cmTC_1cd4f/fast' failed
gmake: *** [cmTC_1cd4f/fast] Error 2

File /home/csmajs/tyoo002/lab-04-composite-pattern-actylab4/CMakeFiles/CMakeTmp/CheckSymbolExists.c:
/* */
#include <pthread.h>

int main(int argc, char** argv)
{
  (void)argv;
#ifndef pthread_create
  return ((int*)(&pthread_create))[argc];
#else
  (void)argc;
  return 0;
#endif
}

Determining if the function pthread_create exists in the pthreads failed with the following output:
Change Dir: /home/csmajs/tyoo002/lab-04-composite-pattern-actylab4/CMakeFiles/CMakeTmp

Run Build Command(s):/opt/rh/devtoolset-6/root/usr/bin/gmake cmTC_321a8/fast 
/opt/rh/devtoolset-6/root/usr/bin/gmake -f CMakeFiles/cmTC_321a8.dir/build.make CMakeFiles/cmTC_321a8.dir/build
gmake[1]: Entering directory '/home/csmajs/tyoo002/lab-04-composite-pattern-actylab4/CMakeFiles/CMakeTmp'
Building C object CMakeFiles/cmTC_321a8.dir/CheckFunctionExists.c.o
/opt/rh/devtoolset-6/root/usr/bin/cc   -DCHECK_FUNCTION_EXISTS=pthread_create   -o CMakeFiles/cmTC_321a8.dir/CheckFunctionExists.c.o   -c /usr/share/cmake3/Modules/CheckFunctionExists.c
Linking C executable cmTC_321a8
/usr/bin/cmake3 -E cmake_link_script CMakeFiles/cmTC_321a8.dir/link.txt --verbose=1
/opt/rh/devtoolset-6/root/usr/bin/cc  -DCHECK_FUNCTION_EXISTS=pthread_create    -rdynamic CMakeFiles/cmTC_321a8.dir/CheckFunctionExists.c.o  -o cmTC_321a8 -lpthreads 
/opt/rh/devtoolset-6/root/usr/libexec/gcc/x86_64-redhat-linux/6.3.1/ld: cannot find -lpthreads
collect2: error: ld returned 1 exit status
CMakeFiles/cmTC_321a8.dir/build.make:86: recipe for target 'cmTC_321a8' failed
gmake[1]: *** [cmTC_321a8] Error 1
gmake[1]: Leaving directory '/home/csmajs/tyoo002/lab-04-composite-pattern-actylab4/CMakeFiles/CMakeTmp'
Makefile:121: recipe for target 'cmTC_321a8/fast' failed
gmake: *** [cmTC_321a8/fast] Error 2


